mode: set
github.com/Fersca/go-testing/program.go:8.13,13.16 3 0
github.com/Fersca/go-testing/program.go:17.2,19.19 2 0
github.com/Fersca/go-testing/program.go:13.16,15.3 1 0
github.com/Fersca/go-testing/program.go:23.42,25.20 1 1
github.com/Fersca/go-testing/program.go:29.2,29.19 1 1
github.com/Fersca/go-testing/program.go:25.20,27.3 1 1
github.com/Fersca/go-testing/web.go:8.24,13.16 3 0
github.com/Fersca/go-testing/web.go:13.16,15.3 1 0
github.com/Fersca/go-testing/web.go:18.58,24.18 3 1
github.com/Fersca/go-testing/web.go:26.2,28.38 1 1
github.com/Fersca/go-testing/web.go:30.2,34.9 3 1
